<?xml version="1.0" encoding="UTF-8" ?>
<testsuite failures="0" time="0.115" errors="0" skipped="0" tests="3" name="com.itheima.bos.dao.base.StandardRepositoryTest">
  <properties>
    <property name="idea.version" value="2018.1.3"/>
    <property name="java.runtime.name" value="Java(TM) SE Runtime Environment"/>
    <property name="sun.boot.library.path" value="E:\devolop\Java\jdk1.7.0_72\jre\bin"/>
    <property name="java.vm.version" value="24.72-b04"/>
    <property name="java.vm.vendor" value="Oracle Corporation"/>
    <property name="maven.multiModuleProjectDirectory" value="E:\Java_code\bos2\common_parent"/>
    <property name="java.vendor.url" value="http://java.oracle.com/"/>
    <property name="path.separator" value=";"/>
    <property name="guice.disable.misplaced.annotation.check" value="true"/>
    <property name="java.vm.name" value="Java HotSpot(TM) Client VM"/>
    <property name="file.encoding.pkg" value="sun.io"/>
    <property name="user.script" value=""/>
    <property name="user.country" value="CN"/>
    <property name="sun.java.launcher" value="SUN_STANDARD"/>
    <property name="sun.os.patch.level" value=""/>
    <property name="java.vm.specification.name" value="Java Virtual Machine Specification"/>
    <property name="user.dir" value="E:\Java_code\bos2\common_parent"/>
    <property name="java.runtime.version" value="1.7.0_72-b14"/>
    <property name="java.awt.graphicsenv" value="sun.awt.Win32GraphicsEnvironment"/>
    <property name="java.endorsed.dirs" value="E:\devolop\Java\jdk1.7.0_72\jre\lib\endorsed"/>
    <property name="os.arch" value="x86"/>
    <property name="java.io.tmpdir" value="C:\Users\7911丶~1\AppData\Local\Temp\"/>
    <property name="line.separator" value="
"/>
    <property name="java.vm.specification.vendor" value="Oracle Corporation"/>
    <property name="user.variant" value=""/>
    <property name="os.name" value="Windows 8.1"/>
    <property name="classworlds.conf" value="E:\apache-maven-3.3.9\bin\m2.conf"/>
    <property name="sun.jnu.encoding" value="GBK"/>
    <property name="java.library.path" value="E:\devolop\Java\jdk1.7.0_72\bin;C:\WINDOWS\Sun\Java\bin;C:\WINDOWS\system32;C:\WINDOWS;C:\WINDOWS\system32;C:\WINDOWS;C:\WINDOWS\System32\Wbem;C:\WINDOWS\System32\WindowsPowerShell\v1.0\;E:\devolop\Java\jdk1.7.0_72\bin;E:\devolop\mysql-5.5.57-winx64\bin;E:\devolop\Git\cmd;C:\Users\7911丶猪头肉\AppData\Local\Microsoft\WindowsApps;C:\Users\7911丶猪头肉\AppData\Local\GitHubDesktop\bin;."/>
    <property name="java.specification.name" value="Java Platform API Specification"/>
    <property name="java.class.version" value="51.0"/>
    <property name="sun.management.compiler" value="HotSpot Client Compiler"/>
    <property name="os.version" value="6.3"/>
    <property name="user.home" value="C:\Users\7911丶猪头肉"/>
    <property name="user.timezone" value="Asia/Shanghai"/>
    <property name="java.awt.printerjob" value="sun.awt.windows.WPrinterJob"/>
    <property name="java.specification.version" value="1.7"/>
    <property name="file.encoding" value="UTF-8"/>
    <property name="user.name" value="7911丶猪头肉"/>
    <property name="java.class.path" value="E:\apache-maven-3.3.9\boot\plexus-classworlds-2.5.2.jar;E:\devolop\IntelliJ IDEA 2018.1.3\lib\idea_rt.jar"/>
    <property name="java.vm.specification.version" value="1.7"/>
    <property name="sun.arch.data.model" value="32"/>
    <property name="java.home" value="E:\devolop\Java\jdk1.7.0_72\jre"/>
    <property name="sun.java.command" value="org.codehaus.classworlds.Launcher -Didea.version=2018.1.3 install"/>
    <property name="java.specification.vendor" value="Oracle Corporation"/>
    <property name="user.language" value="zh"/>
    <property name="awt.toolkit" value="sun.awt.windows.WToolkit"/>
    <property name="java.vm.info" value="mixed mode, sharing"/>
    <property name="java.version" value="1.7.0_72"/>
    <property name="java.ext.dirs" value="E:\devolop\Java\jdk1.7.0_72\jre\lib\ext;C:\WINDOWS\Sun\Java\lib\ext"/>
    <property name="sun.boot.class.path" value="E:\devolop\Java\jdk1.7.0_72\jre\lib\resources.jar;E:\devolop\Java\jdk1.7.0_72\jre\lib\rt.jar;E:\devolop\Java\jdk1.7.0_72\jre\lib\sunrsasign.jar;E:\devolop\Java\jdk1.7.0_72\jre\lib\jsse.jar;E:\devolop\Java\jdk1.7.0_72\jre\lib\jce.jar;E:\devolop\Java\jdk1.7.0_72\jre\lib\charsets.jar;E:\devolop\Java\jdk1.7.0_72\jre\lib\jfr.jar;E:\devolop\Java\jdk1.7.0_72\jre\classes"/>
    <property name="java.vendor" value="Oracle Corporation"/>
    <property name="maven.home" value="E:\apache-maven-3.3.9"/>
    <property name="file.separator" value="\"/>
    <property name="java.vendor.url.bug" value="http://bugreport.sun.com/bugreport/"/>
    <property name="sun.cpu.endian" value="little"/>
    <property name="sun.io.unicode.encoding" value="UnicodeLittle"/>
    <property name="sun.desktop" value="windows"/>
    <property name="sun.cpu.isalist" value="pentium_pro+mmx pentium_pro pentium+mmx pentium i486 i386 i86"/>
  </properties>
  <testcase time="0.095" classname="com.itheima.bos.dao.base.StandardRepositoryTest" name="test1"/>
  <testcase time="0.005" classname="com.itheima.bos.dao.base.StandardRepositoryTest" name="test2"/>
  <testcase time="0.015" classname="com.itheima.bos.dao.base.StandardRepositoryTest" name="test3"/>
</testsuite>